Start testing: Apr 26 21:31 PKT
----------------------------------------------------------
1/4 Testing: AdderTest.AddPositiveNumbers
1/4 Test: AdderTest.AddPositiveNumbers
Command: "/home/ahmadsaeed/code/CalculatorPractice/build/libs/add/test/add_test" "--gtest_filter=AdderTest.AddPositiveNumbers" "--gtest_also_run_disabled_tests"
Directory: /home/ahmadsaeed/code/CalculatorPractice/build/libs/add/test
"AdderTest.AddPositiveNumbers" start time: Apr 26 21:31 PKT
Output:
----------------------------------------------------------
Running main() from /home/ahmadsaeed/code/CalculatorPractice/libs/extern/gtest/googletest/src/gtest_main.cc
Note: Google Test filter = AdderTest.AddPositiveNumbers
[==========] Running 1 test from 1 test suite.
[----------] Global test environment set-up.
[----------] 1 test from AdderTest
[ RUN      ] AdderTest.AddPositiveNumbers
[       OK ] AdderTest.AddPositiveNumbers (0 ms)
[----------] 1 test from AdderTest (0 ms total)

[----------] Global test environment tear-down
[==========] 1 test from 1 test suite ran. (0 ms total)
[  PASSED  ] 1 test.
<end of output>
Test time =   0.00 sec
----------------------------------------------------------
Test Passed.
"AdderTest.AddPositiveNumbers" end time: Apr 26 21:31 PKT
"AdderTest.AddPositiveNumbers" time elapsed: 00:00:00
----------------------------------------------------------

2/4 Testing: AdderTest.AddNegativeNumbers
2/4 Test: AdderTest.AddNegativeNumbers
Command: "/home/ahmadsaeed/code/CalculatorPractice/build/libs/add/test/add_test" "--gtest_filter=AdderTest.AddNegativeNumbers" "--gtest_also_run_disabled_tests"
Directory: /home/ahmadsaeed/code/CalculatorPractice/build/libs/add/test
"AdderTest.AddNegativeNumbers" start time: Apr 26 21:31 PKT
Output:
----------------------------------------------------------
Running main() from /home/ahmadsaeed/code/CalculatorPractice/libs/extern/gtest/googletest/src/gtest_main.cc
Note: Google Test filter = AdderTest.AddNegativeNumbers
[==========] Running 1 test from 1 test suite.
[----------] Global test environment set-up.
[----------] 1 test from AdderTest
[ RUN      ] AdderTest.AddNegativeNumbers
[       OK ] AdderTest.AddNegativeNumbers (0 ms)
[----------] 1 test from AdderTest (0 ms total)

[----------] Global test environment tear-down
[==========] 1 test from 1 test suite ran. (0 ms total)
[  PASSED  ] 1 test.
<end of output>
Test time =   0.01 sec
----------------------------------------------------------
Test Passed.
"AdderTest.AddNegativeNumbers" end time: Apr 26 21:31 PKT
"AdderTest.AddNegativeNumbers" time elapsed: 00:00:00
----------------------------------------------------------

3/4 Testing: AddSimpleTest.AddZero
3/4 Test: AddSimpleTest.AddZero
Command: "/home/ahmadsaeed/code/CalculatorPractice/build/libs/add/test/add_test" "--gtest_filter=AddSimpleTest.AddZero" "--gtest_also_run_disabled_tests"
Directory: /home/ahmadsaeed/code/CalculatorPractice/build/libs/add/test
"AddSimpleTest.AddZero" start time: Apr 26 21:31 PKT
Output:
----------------------------------------------------------
Running main() from /home/ahmadsaeed/code/CalculatorPractice/libs/extern/gtest/googletest/src/gtest_main.cc
Note: Google Test filter = AddSimpleTest.AddZero
[==========] Running 1 test from 1 test suite.
[----------] Global test environment set-up.
[----------] 1 test from AddSimpleTest
[ RUN      ] AddSimpleTest.AddZero
[       OK ] AddSimpleTest.AddZero (0 ms)
[----------] 1 test from AddSimpleTest (0 ms total)

[----------] Global test environment tear-down
[==========] 1 test from 1 test suite ran. (0 ms total)
[  PASSED  ] 1 test.
<end of output>
Test time =   0.01 sec
----------------------------------------------------------
Test Passed.
"AddSimpleTest.AddZero" end time: Apr 26 21:31 PKT
"AddSimpleTest.AddZero" time elapsed: 00:00:00
----------------------------------------------------------

4/4 Testing: AddSimpleTest.AddPositiveAndNegative
4/4 Test: AddSimpleTest.AddPositiveAndNegative
Command: "/home/ahmadsaeed/code/CalculatorPractice/build/libs/add/test/add_test" "--gtest_filter=AddSimpleTest.AddPositiveAndNegative" "--gtest_also_run_disabled_tests"
Directory: /home/ahmadsaeed/code/CalculatorPractice/build/libs/add/test
"AddSimpleTest.AddPositiveAndNegative" start time: Apr 26 21:31 PKT
Output:
----------------------------------------------------------
Running main() from /home/ahmadsaeed/code/CalculatorPractice/libs/extern/gtest/googletest/src/gtest_main.cc
Note: Google Test filter = AddSimpleTest.AddPositiveAndNegative
[==========] Running 1 test from 1 test suite.
[----------] Global test environment set-up.
[----------] 1 test from AddSimpleTest
[ RUN      ] AddSimpleTest.AddPositiveAndNegative
[       OK ] AddSimpleTest.AddPositiveAndNegative (0 ms)
[----------] 1 test from AddSimpleTest (0 ms total)

[----------] Global test environment tear-down
[==========] 1 test from 1 test suite ran. (0 ms total)
[  PASSED  ] 1 test.
<end of output>
Test time =   0.00 sec
----------------------------------------------------------
Test Passed.
"AddSimpleTest.AddPositiveAndNegative" end time: Apr 26 21:31 PKT
"AddSimpleTest.AddPositiveAndNegative" time elapsed: 00:00:00
----------------------------------------------------------

End testing: Apr 26 21:31 PKT
